Build started 11/21/2014 12:03:22 PM.
     1>Project "H:\Documents\ENSF545\mechanical-assembly-vr\teapotLab.vcxproj" on node 2 (Build target(s)).
     1>ClCompile:
         c:\Program Files (x86)\Microsoft Visual Studio 10.0\VC\bin\CL.exe /c /IC:\OpenHaptics\Academic\3.2\include /IC:\OpenHaptics\Academic\3.2\utilities\include /Zi /nologo /W3 /WX- /O2 /Oy- /GL /D _MBCS /Gm- /EHsc /MD /GS /fp:precise /Zc:wchar_t /Zc:forScope /Fo"Release\\" /Fd"Release\vc100.pdb" /Gd /TP /analyze- /errorReport:prompt main.cpp
         main.cpp
     1>h:\documents\ensf545\mechanical-assembly-vr\backend\List.h(44): warning C4227: anachronism used : qualifiers on reference are ignored
                 h:\documents\ensf545\mechanical-assembly-vr\backend\List.h(45) : see reference to class template instantiation 'List<cType>' being compiled
     1>h:\documents\ensf545\mechanical-assembly-vr\backend\List.h(44): warning C4227: anachronism used : qualifiers on reference are ignored
                 h:\documents\ensf545\mechanical-assembly-vr\backend\VisualData.h(7) : see reference to class template instantiation 'List<cType>' being compiled
                 with
                 [
                     cType=GraphicsTriangle
                 ]
     1>h:\documents\ensf545\mechanical-assembly-vr\backend\List.h(44): warning C4227: anachronism used : qualifiers on reference are ignored
                 h:\documents\ensf545\mechanical-assembly-vr\backend\VisualData.h(8) : see reference to class template instantiation 'List<cType>' being compiled
                 with
                 [
                     cType=Vertex
                 ]
     1>h:\documents\ensf545\mechanical-assembly-vr\backend\List.h(44): warning C4227: anachronism used : qualifiers on reference are ignored
                 h:\documents\ensf545\mechanical-assembly-vr\backend\VisualData.h(9) : see reference to class template instantiation 'List<cType>' being compiled
                 with
                 [
                     cType=Material
                 ]
     1>h:\documents\ensf545\mechanical-assembly-vr\backend\List.h(44): warning C4227: anachronism used : qualifiers on reference are ignored
                 h:\documents\ensf545\mechanical-assembly-vr\backend\TriangleMeshHull.h(7) : see reference to class template instantiation 'List<cType>' being compiled
                 with
                 [
                     cType=Triangle
                 ]
     1>h:\documents\ensf545\mechanical-assembly-vr\backend\List.h(44): warning C4227: anachronism used : qualifiers on reference are ignored
                 h:\documents\ensf545\mechanical-assembly-vr\backend\PhysicsData.h(6) : see reference to class template instantiation 'List<cType>' being compiled
                 with
                 [
                     cType=PhysicsHull *
                 ]
     1>h:\documents\ensf545\mechanical-assembly-vr\backend\List.h(44): warning C4227: anachronism used : qualifiers on reference are ignored
                 h:\documents\ensf545\mechanical-assembly-vr\backend\GameObject.h(7) : see reference to class template instantiation 'List<cType>' being compiled
                 with
                 [
                     cType=VisualData
                 ]
     1>h:\documents\ensf545\mechanical-assembly-vr\backend\List.h(44): warning C4227: anachronism used : qualifiers on reference are ignored
                 h:\documents\ensf545\mechanical-assembly-vr\backend\MechanicalObject.h(10) : see reference to class template instantiation 'List<cType>' being compiled
                 with
                 [
                     cType=Vertex *
                 ]
     1>h:\documents\ensf545\mechanical-assembly-vr\backend\List.h(44): warning C4227: anachronism used : qualifiers on reference are ignored
                 h:\documents\ensf545\mechanical-assembly-vr\backend/BoundingVolume.h(6) : see reference to class template instantiation 'List<cType>' being compiled
                 with
                 [
                     cType=GameObject
                 ]
       Link:
         c:\Program Files (x86)\Microsoft Visual Studio 10.0\VC\bin\link.exe /ERRORREPORT:PROMPT /OUT:"H:\Documents\ENSF545\mechanical-assembly-vr\Release\HapticTeapotTest.exe" /NOLOGO /LIBPATH:C:\OpenHaptics\Academic\3.2\lib\Win32\ReleaseAcademicEdition /LIBPATH:C:\OpenHaptics\Academic\3.2\utilities\lib\Win32\ReleaseAcademicEdition GlU32.Lib OpenGL32.Lib glut32.lib hl.lib hlu.lib hd.lib hdu.lib kernel32.lib user32.lib gdi32.lib winspool.lib comdlg32.lib advapi32.lib shell32.lib ole32.lib oleaut32.lib uuid.lib odbc32.lib odbccp32.lib /MANIFEST /ManifestFile:"Release\HapticTeapotTest.exe.intermediate.manifest" /MANIFESTUAC:"level='asInvoker' uiAccess='false'" /DEBUG /PDB:"H:\Documents\ENSF545\mechanical-assembly-vr\Release\HapticTeapotTest.pdb" /OPT:REF /OPT:ICF /LTCG /TLBID:1 /DYNAMICBASE:NO /IMPLIB:"H:\Documents\ENSF545\mechanical-assembly-vr\Release\HapticTeapotTest.lib" /MACHINE:X86 Release\BoundingVolume.obj
         Release\GameObject.obj
         Release\GraphicsTriangle.obj
         Release\Material.obj
         Release\MechanicalObject.obj
         Release\PhysicsData.obj
         Release\PhysicsHull.obj
         Release\Primitives.obj
         Release\Triangle.obj
         Release\TriangleMeshHull.obj
         Release\Vertex.obj
         Release\VisualData.obj
         Release\main.obj
         Release\Timer.obj
         Generating code
         Finished generating code
     1>hlu.lib(hlu.obj) : warning LNK4204: 'H:\Documents\ENSF545\mechanical-assembly-vr\Release\vc100.pdb' is missing debugging information for referencing module; linking object as if no debug info
     1>hdu.lib(hduError.obj) : warning LNK4204: 'H:\Documents\ENSF545\mechanical-assembly-vr\Release\vc100.pdb' is missing debugging information for referencing module; linking object as if no debug info
     1>hdu.lib(hduDecompose.obj) : warning LNK4204: 'H:\Documents\ENSF545\mechanical-assembly-vr\Release\vc100.pdb' is missing debugging information for referencing module; linking object as if no debug info
     1>hdu.lib(hduMatrix.obj) : warning LNK4204: 'H:\Documents\ENSF545\mechanical-assembly-vr\Release\vc100.pdb' is missing debugging information for referencing module; linking object as if no debug info
     1>hdu.lib(hduQuaternion.obj) : warning LNK4204: 'H:\Documents\ENSF545\mechanical-assembly-vr\Release\vc100.pdb' is missing debugging information for referencing module; linking object as if no debug info
         teapotLab.vcxproj -> H:\Documents\ENSF545\mechanical-assembly-vr\Release\HapticTeapotTest.exe
       Manifest:
         C:\Program Files (x86)\Microsoft SDKs\Windows\v7.0A\bin\mt.exe /nologo /verbose /outputresource:"H:\Documents\ENSF545\mechanical-assembly-vr\Release\HapticTeapotTest.exe;#1" /manifest Release\HapticTeapotTest.exe.intermediate.manifest
     1>Done Building Project "H:\Documents\ENSF545\mechanical-assembly-vr\teapotLab.vcxproj" (Build target(s)).

Build succeeded.

Time Elapsed 00:00:17.92
